<?xml version="1.0" encoding="UTF-8"?>
<!-- Generated by org.testng.reporters.JUnitReportReporter -->
<testsuite skipped="0" hostname="DESKTOP-9VAR55H" name="com.testPackage_1.TestClass_2_P1" tests="3" failures="0" timestamp="24 Mar 2021 06:52:59 GMT" time="0.026" errors="0">
  <testcase name="view" time="0.003" classname="com.testPackage_1.TestClass_2_P1"/>
  <testcase name="Display" time="0.017" classname="com.testPackage_1.TestClass_2_P1"/>
  <testcase name="show" time="0.006" classname="com.testPackage_1.TestClass_2_P1"/>
</testsuite> <!-- com.testPackage_1.TestClass_2_P1 -->
