<?xml version="1.0" encoding="UTF-8"?>
<!-- Generated by org.testng.reporters.JUnitReportReporter -->
<testsuite skipped="0" hostname="DESKTOP-9VAR55H" name="com.testPackage_2.TestClass_2_P2" tests="3" failures="0" timestamp="23 Mar 2021 05:34:25 GMT" time="0.007" errors="0">
  <testcase name="show" time="0.003" classname="com.testPackage_2.TestClass_2_P2"/>
  <testcase name="Display" time="0.002" classname="com.testPackage_2.TestClass_2_P2"/>
  <testcase name="view" time="0.002" classname="com.testPackage_2.TestClass_2_P2"/>
</testsuite> <!-- com.testPackage_2.TestClass_2_P2 -->
